0 info it worked if it ends with ok
1 verbose cli [ '/Users/torounit/.nodebrew/node/v6.2.0/bin/node',
1 verbose cli   '/Users/torounit/.nodebrew/current/bin/npm',
1 verbose cli   'run',
1 verbose cli   'build' ]
2 info using npm@3.8.9
3 info using node@v6.2.0
4 verbose run-script [ 'prebuild', 'build', 'postbuild' ]
5 info lifecycle vanilla@0.0.1~prebuild: vanilla@0.0.1
6 silly lifecycle vanilla@0.0.1~prebuild: no script for prebuild, continuing
7 info lifecycle vanilla@0.0.1~build: vanilla@0.0.1
8 verbose lifecycle vanilla@0.0.1~build: unsafe-perm in lifecycle true
9 verbose lifecycle vanilla@0.0.1~build: PATH: /Users/torounit/.nodebrew/node/v6.2.0/lib/node_modules/npm/bin/node-gyp-bin:/Users/torounit/Developer/torounit/vanilla.loc/wp-content/themes/vanilla/node_modules/.bin:/Users/torounit/.nodebrew/node/v6.2.0/bin:/Users/torounit/.pagoda/bin:/usr/local/heroku/bin:/Applications/Sublime Text.app/Contents/SharedSupport/bin:/Users/torounit/.composer/vendor/bin:/usr/local/opt/rbenv/shims:/usr/local/opt/rbenv/bin:/Users/torounit/.nodebrew/current/bin:/usr/local/bin:/usr/local/sbin:/usr/bin:/bin:/usr/sbin:/sbin
10 verbose lifecycle vanilla@0.0.1~build: CWD: /Users/torounit/Developer/torounit/vanilla.loc/wp-content/themes/vanilla
11 silly lifecycle vanilla@0.0.1~build: Args: [ '-c', 'gulp build' ]
12 silly lifecycle vanilla@0.0.1~build: Returned: code: 1  signal: null
13 info lifecycle vanilla@0.0.1~build: Failed to exec build script
14 verbose stack Error: vanilla@0.0.1 build: `gulp build`
14 verbose stack Exit status 1
14 verbose stack     at EventEmitter.<anonymous> (/Users/torounit/.nodebrew/node/v6.2.0/lib/node_modules/npm/lib/utils/lifecycle.js:245:16)
14 verbose stack     at emitTwo (events.js:106:13)
14 verbose stack     at EventEmitter.emit (events.js:191:7)
14 verbose stack     at ChildProcess.<anonymous> (/Users/torounit/.nodebrew/node/v6.2.0/lib/node_modules/npm/lib/utils/spawn.js:24:14)
14 verbose stack     at emitTwo (events.js:106:13)
14 verbose stack     at ChildProcess.emit (events.js:191:7)
14 verbose stack     at maybeClose (internal/child_process.js:850:16)
14 verbose stack     at Process.ChildProcess._handle.onexit (internal/child_process.js:215:5)
15 verbose pkgid vanilla@0.0.1
16 verbose cwd /Users/torounit/Developer/torounit/vanilla.loc/wp-content/themes/vanilla
17 error Darwin 15.5.0
18 error argv "/Users/torounit/.nodebrew/node/v6.2.0/bin/node" "/Users/torounit/.nodebrew/current/bin/npm" "run" "build"
19 error node v6.2.0
20 error npm  v3.8.9
21 error code ELIFECYCLE
22 error vanilla@0.0.1 build: `gulp build`
22 error Exit status 1
23 error Failed at the vanilla@0.0.1 build script 'gulp build'.
23 error Make sure you have the latest version of node.js and npm installed.
23 error If you do, this is most likely a problem with the vanilla package,
23 error not with npm itself.
23 error Tell the author that this fails on your system:
23 error     gulp build
23 error You can get information on how to open an issue for this project with:
23 error     npm bugs vanilla
23 error Or if that isn't available, you can get their info via:
23 error     npm owner ls vanilla
23 error There is likely additional logging output above.
24 verbose exit [ 1, true ]
